Tue Apr  1 13:01:09 CEST 2025 LOGIN Event number 1
Tue Apr  1 13:01:09 CEST 2025 WARNING Event number 2
Tue Apr  1 13:01:09 CEST 2025 INFO Event number 3
Tue Apr  1 13:01:09 CEST 2025 LOGIN Event number 4
Tue Apr  1 13:01:09 CEST 2025 WARNING Event number 5
Tue Apr  1 13:01:09 CEST 2025 ERROR Event number 6
Tue Apr  1 13:01:09 CEST 2025 ERROR Event number 7
Tue Apr  1 13:01:09 CEST 2025 BACKUP Event number 8
Tue Apr  1 13:01:09 CEST 2025 LOGIN Event number 9
Tue Apr  1 13:01:09 CEST 2025 LOGIN Event number 10
Tue Apr  1 13:01:09 CEST 2025 INFO Event number 11
Tue Apr  1 13:01:09 CEST 2025 BACKUP Event number 12
Tue Apr  1 13:01:09 CEST 2025 LOGIN Event number 13
Tue Apr  1 13:01:09 CEST 2025 WARNING Event number 14
Tue Apr  1 13:01:09 CEST 2025 LOGIN Event number 15
Tue Apr  1 13:01:09 CEST 2025 BACKUP Event number 16
Tue Apr  1 13:01:09 CEST 2025 BACKUP Event number 17
Tue Apr  1 13:01:09 CEST 2025 ERROR Event number 18
Tue Apr  1 13:01:09 CEST 2025 WARNING Event number 19
Tue Apr  1 13:01:09 CEST 2025 INFO Event number 20
Tue Apr  1 13:01:09 CEST 2025 INFO Event number 21
Tue Apr  1 13:01:09 CEST 2025 ERROR Event number 22
Tue Apr  1 13:01:09 CEST 2025 LOGIN Event number 23
Tue Apr  1 13:01:09 CEST 2025 WARNING Event number 24
Tue Apr  1 13:01:09 CEST 2025 WARNING Event number 25
Tue Apr  1 13:01:09 CEST 2025 INFO Event number 26
Tue Apr  1 13:01:09 CEST 2025 LOGIN Event number 27
Tue Apr  1 13:01:09 CEST 2025 LOGIN Event number 28
Tue Apr  1 13:01:09 CEST 2025 WARNING Event number 29
Tue Apr  1 13:01:09 CEST 2025 ERROR Event number 30
